<?xml version="1.0" encoding="utf-8"?><testsuites name="pytest tests"><testsuite name="pytest" errors="0" failures="0" skipped="0" tests="66" time="41.982" timestamp="2026-02-05T05:41:00.559171+00:00" hostname="agent-env-87908fb4-678e-45cc-8553-29f5bda6c4c2"><testcase classname="backend.tests.test_admin_api.TestAdminAuth" name="test_admin_login_success" time="0.279" /><testcase classname="backend.tests.test_admin_api.TestAdminAuth" name="test_admin_login_invalid_credentials" time="0.036" /><testcase classname="backend.tests.test_admin_api.TestAdminAuth" name="test_auth_me_endpoint" time="0.293" /><testcase classname="backend.tests.test_admin_api.TestContentAPI" name="test_get_all_content" time="0.293" /><testcase classname="backend.tests.test_admin_api.TestContentAPI" name="test_get_page_content" time="0.304" /><testcase classname="backend.tests.test_admin_api.TestContentAPI" name="test_update_content" time="0.371" /><testcase classname="backend.tests.test_admin_api.TestGalleryAPI" name="test_get_all_gallery_albums" time="0.286" /><testcase classname="backend.tests.test_admin_api.TestGalleryAPI" name="test_get_public_gallery" time="0.033" /><testcase classname="backend.tests.test_admin_api.TestGalleryAPI" name="test_create_gallery_album" time="0.293" /><testcase classname="backend.tests.test_admin_api.TestGalleryAPI" name="test_update_gallery_album" time="0.407" /><testcase classname="backend.tests.test_admin_api.TestGalleryAPI" name="test_delete_gallery_album" time="0.366" /><testcase classname="backend.tests.test_admin_api.TestStoriesAPI" name="test_get_all_stories" time="0.294" /><testcase classname="backend.tests.test_admin_api.TestStoriesAPI" name="test_get_public_stories" time="0.035" /><testcase classname="backend.tests.test_admin_api.TestStoriesAPI" name="test_create_story" time="0.329" /><testcase classname="backend.tests.test_admin_api.TestStoriesAPI" name="test_update_story" time="0.361" /><testcase classname="backend.tests.test_admin_api.TestBlogAPI" name="test_get_all_blog_posts" time="0.292" /><testcase classname="backend.tests.test_admin_api.TestBlogAPI" name="test_get_public_blog_posts" time="0.043" /><testcase classname="backend.tests.test_admin_api.TestBlogAPI" name="test_create_blog_post" time="0.328" /><testcase classname="backend.tests.test_admin_api.TestBlogAPI" name="test_update_blog_post" time="0.363" /><testcase classname="backend.tests.test_admin_api.TestSettingsAPI" name="test_get_public_settings" time="0.051" /><testcase classname="backend.tests.test_admin_api.TestSettingsAPI" name="test_get_admin_settings" time="0.331" /><testcase classname="backend.tests.test_admin_api.TestSettingsAPI" name="test_update_settings" time="0.292" /><testcase classname="backend.tests.test_admin_api.TestDonationsAPI" name="test_get_donations" time="0.370" /><testcase classname="backend.tests.test_admin_api.TestDonationsAPI" name="test_export_80g_data" time="0.289" /><testcase classname="backend.tests.test_admin_api.TestContactAPI" name="test_get_contacts" time="0.298" /><testcase classname="backend.tests.test_admin_api.TestContactAPI" name="test_submit_contact" time="0.032" /><testcase classname="backend.tests.test_new_features.TestNewAdminLogin" name="test_admin_login_new_credentials" time="0.254" /><testcase classname="backend.tests.test_new_features.TestFileUploadAPI" name="test_upload_single_file" time="0.290" /><testcase classname="backend.tests.test_new_features.TestFileUploadAPI" name="test_upload_multiple_files" time="0.296" /><testcase classname="backend.tests.test_new_features.TestFileUploadAPI" name="test_upload_invalid_file_type" time="0.299" /><testcase classname="backend.tests.test_new_features.TestFileUploadAPI" name="test_upload_without_auth" time="0.034" /><testcase classname="backend.tests.test_new_features.TestPageVisibilityAPI" name="test_get_page_visibility" time="0.035" /><testcase classname="backend.tests.test_new_features.TestPageVisibilityAPI" name="test_toggle_page_visibility" time="0.394" /><testcase classname="backend.tests.test_new_features.TestPageVisibilityAPI" name="test_toggle_all_pages" time="0.801" /><testcase classname="backend.tests.test_new_features.TestPageVisibilityAPI" name="test_bulk_update_visibility" time="0.293" /><testcase classname="backend.tests.test_new_features.TestPageVisibilityAPI" name="test_toggle_without_auth" time="0.076" /><testcase classname="backend.tests.test_new_features.TestGalleryWithUpload" name="test_create_album_with_uploaded_images" time="0.390" /><testcase classname="backend.tests.test_site_settings_v2.TestSiteSettingsAuth" name="test_login_success" time="0.255" /><testcase classname="backend.tests.test_site_settings_v2.TestSocialLinks" name="test_get_public_settings_includes_social_links" time="0.053" /><testcase classname="backend.tests.test_site_settings_v2.TestSocialLinks" name="test_get_admin_settings_includes_social_links" time="0.290" /><testcase classname="backend.tests.test_site_settings_v2.TestSocialLinks" name="test_update_social_links_facebook" time="0.113" /><testcase classname="backend.tests.test_site_settings_v2.TestSocialLinks" name="test_update_social_links_instagram" time="0.071" /><testcase classname="backend.tests.test_site_settings_v2.TestSocialLinks" name="test_update_social_links_twitter" time="0.074" /><testcase classname="backend.tests.test_site_settings_v2.TestSocialLinks" name="test_update_social_links_youtube" time="0.064" /><testcase classname="backend.tests.test_site_settings_v2.TestSocialLinks" name="test_update_social_links_linkedin" time="0.107" /><testcase classname="backend.tests.test_site_settings_v2.TestSocialLinks" name="test_update_social_links_whatsapp" time="0.064" /><testcase classname="backend.tests.test_site_settings_v2.TestSocialLinks" name="test_update_all_social_links_at_once" time="0.064" /><testcase classname="backend.tests.test_site_settings_v2.TestSocialLinks" name="test_clear_social_link" time="0.069" /><testcase classname="backend.tests.test_site_settings_v2.TestSiteImages" name="test_get_public_settings_includes_site_images" time="0.035" /><testcase classname="backend.tests.test_site_settings_v2.TestSiteImages" name="test_get_admin_settings_includes_site_images" time="0.286" /><testcase classname="backend.tests.test_site_settings_v2.TestSiteImages" name="test_update_logo_url" time="1.103" /><testcase classname="backend.tests.test_site_settings_v2.TestSiteImages" name="test_update_logo_dark_url" time="27.667" /><testcase classname="backend.tests.test_site_settings_v2.TestSiteImages" name="test_update_hero_image_url" time="0.103" /><testcase classname="backend.tests.test_site_settings_v2.TestSiteImages" name="test_update_hero_image_2_url" time="0.070" /><testcase classname="backend.tests.test_site_settings_v2.TestSiteImages" name="test_update_about_image_url" time="0.117" /><testcase classname="backend.tests.test_site_settings_v2.TestSiteImages" name="test_update_cta_image_url" time="0.067" /><testcase classname="backend.tests.test_site_settings_v2.TestSiteImages" name="test_update_donate_image_url" time="0.070" /><testcase classname="backend.tests.test_site_settings_v2.TestSiteImages" name="test_update_all_site_images_at_once" time="0.069" /><testcase classname="backend.tests.test_site_settings_v2.TestSiteImages" name="test_clear_site_image" time="0.108" /><testcase classname="backend.tests.test_site_settings_v2.TestFileUpload" name="test_upload_image_returns_url" time="0.286" /><testcase classname="backend.tests.test_site_settings_v2.TestFileUpload" name="test_upload_requires_auth" time="0.073" /><testcase classname="backend.tests.test_site_settings_v2.TestFileUpload" name="test_upload_rejects_non_image" time="0.033" /><testcase classname="backend.tests.test_site_settings_v2.TestGalleryImageUpload" name="test_upload_multiple_images" time="0.292" /><testcase classname="backend.tests.test_site_settings_v2.TestGalleryImageUpload" name="test_create_gallery_album_with_images" time="0.130" /><testcase classname="backend.tests.test_site_settings_v2.TestCleanup" name="test_reset_social_links" time="0.292" /><testcase classname="backend.tests.test_site_settings_v2.TestCleanup" name="test_reset_site_images" time="0.036" /></testsuite></testsuites>