<?xml version="1.0" encoding="utf-8"?><testsuites name="pytest tests"><testsuite name="pytest" errors="0" failures="0" skipped="0" tests="37" time="56.207" timestamp="2026-02-05T05:03:58.287923+00:00" hostname="agent-env-87908fb4-678e-45cc-8553-29f5bda6c4c2"><testcase classname="backend.tests.test_admin_api.TestAdminAuth" name="test_admin_login_success" time="0.279" /><testcase classname="backend.tests.test_admin_api.TestAdminAuth" name="test_admin_login_invalid_credentials" time="0.038" /><testcase classname="backend.tests.test_admin_api.TestAdminAuth" name="test_auth_me_endpoint" time="0.297" /><testcase classname="backend.tests.test_admin_api.TestContentAPI" name="test_get_all_content" time="0.299" /><testcase classname="backend.tests.test_admin_api.TestContentAPI" name="test_get_page_content" time="0.293" /><testcase classname="backend.tests.test_admin_api.TestContentAPI" name="test_update_content" time="0.337" /><testcase classname="backend.tests.test_admin_api.TestGalleryAPI" name="test_get_all_gallery_albums" time="0.295" /><testcase classname="backend.tests.test_admin_api.TestGalleryAPI" name="test_get_public_gallery" time="0.036" /><testcase classname="backend.tests.test_admin_api.TestGalleryAPI" name="test_create_gallery_album" time="0.300" /><testcase classname="backend.tests.test_admin_api.TestGalleryAPI" name="test_update_gallery_album" time="0.373" /><testcase classname="backend.tests.test_admin_api.TestGalleryAPI" name="test_delete_gallery_album" time="0.342" /><testcase classname="backend.tests.test_admin_api.TestStoriesAPI" name="test_get_all_stories" time="0.299" /><testcase classname="backend.tests.test_admin_api.TestStoriesAPI" name="test_get_public_stories" time="0.037" /><testcase classname="backend.tests.test_admin_api.TestStoriesAPI" name="test_create_story" time="0.373" /><testcase classname="backend.tests.test_admin_api.TestStoriesAPI" name="test_update_story" time="0.373" /><testcase classname="backend.tests.test_admin_api.TestBlogAPI" name="test_get_all_blog_posts" time="0.308" /><testcase classname="backend.tests.test_admin_api.TestBlogAPI" name="test_get_public_blog_posts" time="0.036" /><testcase classname="backend.tests.test_admin_api.TestBlogAPI" name="test_create_blog_post" time="0.335" /><testcase classname="backend.tests.test_admin_api.TestBlogAPI" name="test_update_blog_post" time="0.401" /><testcase classname="backend.tests.test_admin_api.TestSettingsAPI" name="test_get_public_settings" time="0.037" /><testcase classname="backend.tests.test_admin_api.TestSettingsAPI" name="test_get_admin_settings" time="0.295" /><testcase classname="backend.tests.test_admin_api.TestSettingsAPI" name="test_update_settings" time="0.303" /><testcase classname="backend.tests.test_admin_api.TestDonationsAPI" name="test_get_donations" time="0.304" /><testcase classname="backend.tests.test_admin_api.TestDonationsAPI" name="test_export_80g_data" time="0.326" /><testcase classname="backend.tests.test_admin_api.TestContactAPI" name="test_get_contacts" time="0.297" /><testcase classname="backend.tests.test_admin_api.TestContactAPI" name="test_submit_contact" time="0.041" /><testcase classname="backend.tests.test_new_features.TestNewAdminLogin" name="test_admin_login_new_credentials" time="0.260" /><testcase classname="backend.tests.test_new_features.TestFileUploadAPI" name="test_upload_single_file" time="0.305" /><testcase classname="backend.tests.test_new_features.TestFileUploadAPI" name="test_upload_multiple_files" time="0.305" /><testcase classname="backend.tests.test_new_features.TestFileUploadAPI" name="test_upload_invalid_file_type" time="0.307" /><testcase classname="backend.tests.test_new_features.TestFileUploadAPI" name="test_upload_without_auth" time="0.035" /><testcase classname="backend.tests.test_new_features.TestPageVisibilityAPI" name="test_get_page_visibility" time="0.032" /><testcase classname="backend.tests.test_new_features.TestPageVisibilityAPI" name="test_toggle_page_visibility" time="26.946" /><testcase classname="backend.tests.test_new_features.TestPageVisibilityAPI" name="test_toggle_all_pages" time="20.514" /><testcase classname="backend.tests.test_new_features.TestPageVisibilityAPI" name="test_bulk_update_visibility" time="0.291" /><testcase classname="backend.tests.test_new_features.TestPageVisibilityAPI" name="test_toggle_without_auth" time="0.034" /><testcase classname="backend.tests.test_new_features.TestGalleryWithUpload" name="test_create_album_with_uploaded_images" time="0.451" /></testsuite></testsuites>