<?xml version="1.0" encoding="utf-8"?><testsuites name="pytest tests"><testsuite name="pytest" errors="0" failures="0" skipped="1" tests="35" time="11.555" timestamp="2026-03-02T09:17:41.404630+00:00" hostname="agent-env-81419e73-4201-4958-bccf-9f87d2923777"><testcase classname="backend.tests.test_iteration_5.TestAdminLogin" name="test_login_success" time="0.480" /><testcase classname="backend.tests.test_iteration_5.TestAdminLogin" name="test_login_invalid_credentials" time="0.150" /><testcase classname="backend.tests.test_iteration_5.TestAdminLogin" name="test_login_missing_fields" time="0.167" /><testcase classname="backend.tests.test_iteration_5.TestSecurityEndpoints" name="test_register_endpoint_disabled" time="0.107" /><testcase classname="backend.tests.test_iteration_5.TestSecurityEndpoints" name="test_upload_requires_auth" time="0.139" /><testcase classname="backend.tests.test_iteration_5.TestSecurityEndpoints" name="test_upload_multiple_requires_auth" time="0.123" /><testcase classname="backend.tests.test_iteration_5.TestSecurityEndpoints" name="test_admin_settings_requires_auth" time="0.108" /><testcase classname="backend.tests.test_iteration_5.TestSecurityEndpoints" name="test_donations_list_requires_auth" time="0.120" /><testcase classname="backend.tests.test_iteration_5.TestSecurityEndpoints" name="test_contacts_list_requires_auth" time="0.145" /><testcase classname="backend.tests.test_iteration_5.TestAuthenticatedEndpoints" name="test_get_me" time="0.481" /><testcase classname="backend.tests.test_iteration_5.TestAuthenticatedEndpoints" name="test_get_admin_settings" time="0.519" /><testcase classname="backend.tests.test_iteration_5.TestAuthenticatedEndpoints" name="test_upload_with_auth" time="0.466" /><testcase classname="backend.tests.test_iteration_5.TestAuthenticatedEndpoints" name="test_upload_invalid_file_type" time="0.457" /><testcase classname="backend.tests.test_iteration_5.TestPageVisibility" name="test_get_page_visibility" time="0.454" /><testcase classname="backend.tests.test_iteration_5.TestPageVisibility" name="test_toggle_page_visibility" time="0.763" /><testcase classname="backend.tests.test_iteration_5.TestPageVisibility" name="test_bulk_update_visibility" time="0.452" /><testcase classname="backend.tests.test_iteration_5.TestSettingsSave" name="test_save_footer_text" time="0.453" /><testcase classname="backend.tests.test_iteration_5.TestSettingsSave" name="test_save_contact_info" time="0.465" /><testcase classname="backend.tests.test_iteration_5.TestSettingsSave" name="test_save_bank_details" time="0.446" /><testcase classname="backend.tests.test_iteration_5.TestSettingsSave" name="test_save_trust_details" time="0.443" /><testcase classname="backend.tests.test_iteration_5.TestSettingsSave" name="test_save_upi_details" time="0.447" /><testcase classname="backend.tests.test_iteration_5.TestSettingsSave" name="test_save_social_links" time="0.445" /><testcase classname="backend.tests.test_iteration_5.TestSettingsSave" name="test_save_site_images" time="0.424" /><testcase classname="backend.tests.test_iteration_5.TestSettingsSave" name="test_save_razorpay_config" time="0.450" /><testcase classname="backend.tests.test_iteration_5.TestSettingsSave" name="test_save_impact_stats" time="0.450" /><testcase classname="backend.tests.test_iteration_5.TestDonationFlow" name="test_create_donation_order" time="0.101"><skipped type="pytest.skip" message="Razorpay not configured">/app/backend/tests/test_iteration_5.py:406: Razorpay not configured</skipped></testcase><testcase classname="backend.tests.test_iteration_5.TestDonationFlow" name="test_public_settings_has_razorpay_key" time="0.100" /><testcase classname="backend.tests.test_iteration_5.TestContactForm" name="test_submit_contact_form" time="0.105" /><testcase classname="backend.tests.test_iteration_5.TestContactForm" name="test_submit_volunteer_form" time="0.104" /><testcase classname="backend.tests.test_iteration_5.TestContactForm" name="test_contact_form_validation" time="0.117" /><testcase classname="backend.tests.test_iteration_5.TestGalleryUpload" name="test_create_gallery_album" time="0.614" /><testcase classname="backend.tests.test_iteration_5.TestGalleryUpload" name="test_get_gallery_albums" time="0.439" /><testcase classname="backend.tests.test_iteration_5.TestGalleryUpload" name="test_upload_multiple_images" time="0.465" /><testcase classname="backend.tests.test_iteration_5.TestLanguageSwitcher" name="test_get_home_content" time="0.112" /><testcase classname="backend.tests.test_iteration_5.TestLanguageSwitcher" name="test_get_all_content" time="0.118" /></testsuite></testsuites>