<?xml version="1.0" encoding="utf-8"?><testsuites name="pytest tests"><testsuite name="pytest" errors="0" failures="0" skipped="0" tests="26" time="6.956" timestamp="2026-02-05T04:36:48.774731+00:00" hostname="agent-env-87908fb4-678e-45cc-8553-29f5bda6c4c2"><testcase classname="backend.tests.test_admin_api.TestAdminAuth" name="test_admin_login_success" time="0.313" /><testcase classname="backend.tests.test_admin_api.TestAdminAuth" name="test_admin_login_invalid_credentials" time="0.038" /><testcase classname="backend.tests.test_admin_api.TestAdminAuth" name="test_auth_me_endpoint" time="0.302" /><testcase classname="backend.tests.test_admin_api.TestContentAPI" name="test_get_all_content" time="0.300" /><testcase classname="backend.tests.test_admin_api.TestContentAPI" name="test_get_page_content" time="0.294" /><testcase classname="backend.tests.test_admin_api.TestContentAPI" name="test_update_content" time="0.339" /><testcase classname="backend.tests.test_admin_api.TestGalleryAPI" name="test_get_all_gallery_albums" time="0.304" /><testcase classname="backend.tests.test_admin_api.TestGalleryAPI" name="test_get_public_gallery" time="0.039" /><testcase classname="backend.tests.test_admin_api.TestGalleryAPI" name="test_create_gallery_album" time="0.332" /><testcase classname="backend.tests.test_admin_api.TestGalleryAPI" name="test_update_gallery_album" time="0.390" /><testcase classname="backend.tests.test_admin_api.TestGalleryAPI" name="test_delete_gallery_album" time="0.353" /><testcase classname="backend.tests.test_admin_api.TestStoriesAPI" name="test_get_all_stories" time="0.327" /><testcase classname="backend.tests.test_admin_api.TestStoriesAPI" name="test_get_public_stories" time="0.037" /><testcase classname="backend.tests.test_admin_api.TestStoriesAPI" name="test_create_story" time="0.349" /><testcase classname="backend.tests.test_admin_api.TestStoriesAPI" name="test_update_story" time="0.407" /><testcase classname="backend.tests.test_admin_api.TestBlogAPI" name="test_get_all_blog_posts" time="0.295" /><testcase classname="backend.tests.test_admin_api.TestBlogAPI" name="test_get_public_blog_posts" time="0.048" /><testcase classname="backend.tests.test_admin_api.TestBlogAPI" name="test_create_blog_post" time="0.385" /><testcase classname="backend.tests.test_admin_api.TestBlogAPI" name="test_update_blog_post" time="0.404" /><testcase classname="backend.tests.test_admin_api.TestSettingsAPI" name="test_get_public_settings" time="0.033" /><testcase classname="backend.tests.test_admin_api.TestSettingsAPI" name="test_get_admin_settings" time="0.303" /><testcase classname="backend.tests.test_admin_api.TestSettingsAPI" name="test_update_settings" time="0.309" /><testcase classname="backend.tests.test_admin_api.TestDonationsAPI" name="test_get_donations" time="0.335" /><testcase classname="backend.tests.test_admin_api.TestDonationsAPI" name="test_export_80g_data" time="0.288" /><testcase classname="backend.tests.test_admin_api.TestContactAPI" name="test_get_contacts" time="0.295" /><testcase classname="backend.tests.test_admin_api.TestContactAPI" name="test_submit_contact" time="0.046" /></testsuite></testsuites>